20-08-2023 15:14:12 1692524652314 BuildInfo[
                          Build=20201104
                          BuildNumber=20201104
                          Revision=2a1a477
                          Version=4.1
                          SerialVersion=1
                          Enterprise=false]
20-08-2023 15:14:12 1692524652315 SystemProperties[
                          java.class.path=D:\SpringBootProjects\SpringbootDistributedSchedulerExample\target\classes;D:\.m2\repository\org\springframework\boot\spring-boot-starter-web\3.1.2\spring-boot-starter-web-3.1.2.jar;D:\.m2\repository\org\springframework\boot\spring-boot-starter\3.1.2\spring-boot-starter-3.1.2.jar;D:\.m2\repository\org\springframework\boot\spring-boot-starter-logging\3.1.2\spring-boot-starter-logging-3.1.2.jar;D:\.m2\repository\ch\qos\logback\logback-classic\1.4.8\logback-classic-1.4.8.jar;D:\.m2\repository\ch\qos\logback\logback-core\1.4.8\logback-core-1.4.8.jar;D:\.m2\repository\org\apache\logging\log4j\log4j-to-slf4j\2.20.0\log4j-to-slf4j-2.20.0.jar;D:\.m2\repository\org\apache\logging\log4j\log4j-api\2.20.0\log4j-api-2.20.0.jar;D:\.m2\repository\org\slf4j\jul-to-slf4j\2.0.7\jul-to-slf4j-2.0.7.jar;D:\.m2\repository\jakarta\annotation\jakarta.annotation-api\2.1.1\jakarta.annotation-api-2.1.1.jar;D:\.m2\repository\org\yaml\snakeyaml\1.33\snakeyaml-1.33.jar;D:\.m2\repository\org\springframework\boot\spring-boot-starter-json\3.1.2\spring-boot-starter-json-3.1.2.jar;D:\.m2\repository\com\fasterxml\jackson\core\jackson-databind\2.15.2\jackson-databind-2.15.2.jar;D:\.m2\repository\com\fasterxml\jackson\core\jackson-annotations\2.15.2\jackson-annotations-2.15.2.jar;D:\.m2\repository\com\fasterxml\jackson\datatype\jackson-datatype-jdk8\2.15.2\jackson-datatype-jdk8-2.15.2.jar;D:\.m2\repository\com\fasterxml\jackson\datatype\jackson-datatype-jsr310\2.15.2\jackson-datatype-jsr310-2.15.2.jar;D:\.m2\repository\com\fasterxml\jackson\module\jackson-module-parameter-names\2.15.2\jackson-module-parameter-names-2.15.2.jar;D:\.m2\repository\org\springframework\boot\spring-boot-starter-tomcat\3.1.2\spring-boot-starter-tomcat-3.1.2.jar;D:\.m2\repository\org\apache\tomcat\embed\tomcat-embed-core\10.1.11\tomcat-embed-core-10.1.11.jar;D:\.m2\repository\org\apache\tomcat\embed\tomcat-embed-el\10.1.11\tomcat-embed-el-10.1.11.jar;D:\.m2\repository\org\apache\tomcat\embed\tomcat-embed-websocket\10.1.11\tomcat-embed-websocket-10.1.11.jar;D:\.m2\repository\org\springframework\spring-web\6.0.11\spring-web-6.0.11.jar;D:\.m2\repository\org\springframework\spring-beans\6.0.11\spring-beans-6.0.11.jar;D:\.m2\repository\io\micrometer\micrometer-observation\1.11.2\micrometer-observation-1.11.2.jar;D:\.m2\repository\io\micrometer\micrometer-commons\1.11.2\micrometer-commons-1.11.2.jar;D:\.m2\repository\org\springframework\spring-webmvc\6.0.11\spring-webmvc-6.0.11.jar;D:\.m2\repository\org\springframework\spring-aop\6.0.11\spring-aop-6.0.11.jar;D:\.m2\repository\org\springframework\spring-context\6.0.11\spring-context-6.0.11.jar;D:\.m2\repository\org\springframework\spring-expression\6.0.11\spring-expression-6.0.11.jar;D:\.m2\repository\org\springframework\boot\spring-boot-devtools\3.1.2\spring-boot-devtools-3.1.2.jar;D:\.m2\repository\org\springframework\boot\spring-boot\3.1.2\spring-boot-3.1.2.jar;D:\.m2\repository\org\springframework\boot\spring-boot-autoconfigure\3.1.2\spring-boot-autoconfigure-3.1.2.jar;D:\.m2\repository\org\springframework\boot\spring-boot-configuration-processor\3.1.2\spring-boot-configuration-processor-3.1.2.jar;D:\.m2\repository\org\projectlombok\lombok\1.18.28\lombok-1.18.28.jar;D:\.m2\repository\com\jayway\jsonpath\json-path\2.8.0\json-path-2.8.0.jar;D:\.m2\repository\net\minidev\json-smart\2.4.11\json-smart-2.4.11.jar;D:\.m2\repository\net\minidev\accessors-smart\2.4.11\accessors-smart-2.4.11.jar;D:\.m2\repository\org\ow2\asm\asm\9.3\asm-9.3.jar;D:\.m2\repository\org\springframework\spring-core\6.0.11\spring-core-6.0.11.jar;D:\.m2\repository\org\springframework\spring-jcl\6.0.11\spring-jcl-6.0.11.jar;D:\.m2\repository\com\hazelcast\hazelcast-all\4.1\hazelcast-all-4.1.jar;D:\.m2\repository\org\apache\calcite\calcite-core\1.23.0\calcite-core-1.23.0.jar;D:\.m2\repository\com\fasterxml\jackson\core\jackson-core\2.15.2\jackson-core-2.15.2.jar;D:\.m2\repository\org\apache\commons\commons-lang3\3.12.0\commons-lang3-3.12.0.jar;D:\.m2\repository\org\apache\calcite\calcite-linq4j\1.23.0\calcite-linq4j-1.23.0.jar;D:\.m2\repository\org\apache\calcite\avatica\avatica-core\1.16.0\avatica-core-1.16.0.jar;D:\.m2\repository\commons-codec\commons-codec\1.15\commons-codec-1.15.jar;D:\.m2\repository\org\codehaus\janino\commons-compiler\3.1.10\commons-compiler-3.1.10.jar;D:\.m2\repository\org\codehaus\janino\janino\3.1.10\janino-3.1.10.jar;D:\.m2\repository\com\google\guava\guava\24.1.1-jre\guava-24.1.1-jre.jar;D:\.m2\repository\org\checkerframework\checker-compat-qual\2.0.0\checker-compat-qual-2.0.0.jar;D:\.m2\repository\com\google\errorprone\error_prone_annotations\2.1.3\error_prone_annotations-2.1.3.jar;D:\.m2\repository\com\google\j2objc\j2objc-annotations\1.1\j2objc-annotations-1.1.jar;D:\.m2\repository\org\codehaus\mojo\animal-sniffer-annotations\1.14\animal-sniffer-annotations-1.14.jar;D:\.m2\repository\org\slf4j\slf4j-api\2.0.7\slf4j-api-2.0.7.jar;D:\.m2\repository\com\google\code\findbugs\jsr305\3.0.1\jsr305-3.0.1.jar;C:\Users\amsid\AppData\Local\Programs\IntelliJ IDEA Ultimate\lib\idea_rt.jar
                          java.class.version=61.0
                          java.home=D:\Java\jdk-17.0.2
                          java.io.tmpdir=C:\Users\amsid\AppData\Local\Temp\
                          java.library.path=D:\Java\jdk-17.0.2\bin;C:\WINDOWS\Sun\Java\bin;C:\WINDOWS\system32;C:\WINDOWS;C:\Ruby32-x64\bin;C:\Python311\Scripts\;C:\Python311\;C:\Windows\system32;C:\Windows;C:\Windows\System32\Wbem;C:\Windows\System32\WindowsPowerShell\v1.0\;C:\Windows\System32\OpenSSH\;C:\ProgramData\chocolatey\bin;C:\Program Files\Git\cmd;D:\software\apache-maven-3.8.7\bin;C:\Program Files (x86)\Gpg4win\..\GnuPG\bin;C:\Program Files\Kubernetes\Minikube;C:\WINDOWS\system32;C:\WINDOWS;C:\WINDOWS\System32\Wbem;C:\WINDOWS\System32\WindowsPowerShell\v1.0\;C:\WINDOWS\System32\OpenSSH\;C:\Program Files\nodejs\;D:\graalvm\graalvm-ce-java11-22.3.2\bin;;C:\Program Files\Docker\Docker\resources\bin;C:\Users\amsid\AppData\Local\Microsoft\WindowsApps;C:\Users\amsid\AppData\Local\JetBrains\Toolbox\scripts;C:\Users\amsid\AppData\Local\GitHubDesktop\bin;C:\Users\amsid\AppData\Local\Microsoft\WindowsApps;C:\Users\amsid\AppData\Roaming\npm;D:\jmeter-5.4.1\bin;.
                          java.rmi.server.randomIDs=true
                          java.runtime.name=OpenJDK Runtime Environment
                          java.runtime.version=17.0.2+8-86
                          java.specification.name=Java Platform API Specification
                          java.specification.vendor=Oracle Corporation
                          java.specification.version=17
                          java.vendor=Oracle Corporation
                          java.vendor.url=https://java.oracle.com/
                          java.vendor.url.bug=https://bugreport.java.com/bugreport/
                          java.version=17.0.2
                          java.version.date=2022-01-18
                          java.vm.args=-agentlib:jdwp=transport=dt_socket,address=127.0.0.1:30995,suspend=y,server=n -XX:TieredStopAtLevel=1 -Dspring.output.ansi.enabled=always -Dcom.sun.management.jmxremote -Dspring.jmx.enabled=true -Dspring.liveBeansView.mbeanDomain -Dspring.application.admin.enabled=true -Dmanagement.endpoints.jmx.exposure.include=* -javaagent:C:\Users\amsid\AppData\Local\JetBrains\IntelliJIdea2023.2\captureAgent\debugger-agent.jar -Dfile.encoding=UTF-8 
                          java.vm.compressedOopsMode=Zero based
                          java.vm.info=mixed mode, emulated-client, sharing
                          java.vm.name=OpenJDK 64-Bit Server VM
                          java.vm.specification.name=Java Virtual Machine Specification
                          java.vm.specification.vendor=Oracle Corporation
                          java.vm.specification.version=17
                          java.vm.vendor=Oracle Corporation
                          java.vm.version=17.0.2+8-86
                          os.arch=amd64
                          os.name=Windows 11
                          os.version=10.0
                          sun.arch.data.model=64
                          sun.boot.library.path=D:\Java\jdk-17.0.2\bin
                          sun.cpu.endian=little
                          sun.cpu.isalist=amd64
                          sun.io.unicode.encoding=UnicodeLittle
                          sun.java.command=com.amsidh.mvc.SpringbootDistributedSchedulerExampleApplication
                          sun.java.launcher=SUN_STANDARD
                          sun.jnu.encoding=Cp1252
                          sun.management.compiler=HotSpot 64-Bit Tiered Compilers
                          sun.os.patch.level=]
20-08-2023 15:14:12 1692524652315 ConfigProperties[
                          hazelcast.diagnostics.enabled=true
                          hazelcast.integrity-checker.enabled=false
                          hazelcast.metrics.enabled=true
                          hazelcast.network.join.multicast.enabled=true]
20-08-2023 15:14:12 1692524652315 Metric[[metric=classloading.totalLoadedClassesCount]=9805]
20-08-2023 15:14:12 1692524652315 Metric[[thread=hz.amazing_fermat.partition-operation.thread-6,unit=count,metric=operation.thread.completedOperationCount]=0]
20-08-2023 15:14:12 1692524652315 Metric[[thread=hz.amazing_fermat.partition-operation.thread-1,unit=count,metric=operation.thread.normalPendingCount]=0]
20-08-2023 15:14:12 1692524652315 Metric[[unit=ns,metric=partitions.elapsedDestinationCommitTime]=0]
20-08-2023 15:14:12 1692524652315 Metric[[unit=count,metric=operation.genericQueueSize]=0]
20-08-2023 15:14:12 1692524652315 Metric[[thread=hz.amazing_fermat.priority-generic-operation.thread-0,unit=count,metric=operation.thread.errorCount]=0]
20-08-2023 15:14:12 1692524652315 Metric[[unit=count,metric=partitions.replicaSyncSemaphore]=10]
20-08-2023 15:14:12 1692524652315 Metric[[unit=count,metric=operation.genericThreadCount]=5]
20-08-2023 15:14:12 1692524652315 Metric[[thread=hz.amazing_fermat.partition-operation.thread-0,unit=count,metric=operation.thread.completedRunnableCount]=0]
20-08-2023 15:14:12 1692524652315 Metric[[unit=count,metric=operation.completedCount]=0]
20-08-2023 15:14:12 1692524652315 Metric[[metric=classloading.unloadedClassesCount]=0]
20-08-2023 15:14:12 1692524652315 Metric[[unit=count,metric=operation.runningPartitionCount]=0]
20-08-2023 15:14:12 1692524652315 Metric[[thread=hz.amazing_fermat.partition-operation.thread-0,unit=count,metric=operation.thread.priorityPendingCount]=0]
20-08-2023 15:14:12 1692524652315 Metric[[unit=ns,metric=partitions.elapsedMigrationTime]=0]
20-08-2023 15:14:12 1692524652315 Metric[[thread=hz.amazing_fermat.partition-operation.thread-7,unit=count,metric=operation.thread.completedOperationCount]=0]
20-08-2023 15:14:12 1692524652315 Metric[[thread=hz.amazing_fermat.partition-operation.thread-2,unit=count,metric=operation.thread.normalPendingCount]=0]
20-08-2023 15:14:12 1692524652315 Metric[[unit=count,metric=partitions.migrationQueueSize]=0]
20-08-2023 15:14:12 1692524652315 Metric[[thread=hz.amazing_fermat.generic-operation.thread-0,unit=count,metric=operation.thread.completedPacketCount]=0]
20-08-2023 15:14:12 1692524652315 Metric[[unit=count,metric=event.threadCount]=5]
20-08-2023 15:14:12 1692524652315 Metric[[metric=runtime.usedMemory]=38952640]
20-08-2023 15:14:12 1692524652315 Metric[[unit=bytes,metric=memory.maxHeap]=4244635648]
20-08-2023 15:14:12 1692524652315 Metric[[unit=ns,metric=partitions.totalElapsedMigrationTime]=0]
20-08-2023 15:14:12 1692524652315 Metric[[unit=ms,metric=cluster.clock.maxClusterTimeDiff]=0]
20-08-2023 15:14:12 1692524652315 Metric[[thread=hz.amazing_fermat.partition-operation.thread-1,unit=count,metric=operation.thread.completedRunnableCount]=0]
20-08-2023 15:14:12 1692524652315 Metric[[unit=ns,metric=partitions.totalElapsedMigrationOperationTime]=0]
20-08-2023 15:14:12 1692524652315 Metric[[unit=bytes,metric=memory.committedHeap]=77594624]
20-08-2023 15:14:12 1692524652315 Metric[[unit=count,metric=raft.terminatedRaftNodeGroupIds]=0]
20-08-2023 15:14:12 1692524652315 Metric[[thread=hz.amazing_fermat.generic-operation.thread-0,unit=count,metric=operation.thread.completedRunnableCount]=0]
20-08-2023 15:14:12 1692524652315 Metric[[unit=bytes,metric=memory.freeHeap]=38641984]
20-08-2023 15:14:12 1692524652315 Metric[[thread=hz.amazing_fermat.partition-operation.thread-0,unit=count,metric=operation.thread.completedOperationBatchCount]=0]
20-08-2023 15:14:12 1692524652315 Metric[[metric=os.freePhysicalMemorySize]=1382158336]
20-08-2023 15:14:12 1692524652315 Metric[[thread=hz.amazing_fermat.partition-operation.thread-1,unit=count,metric=operation.thread.priorityPendingCount]=0]
20-08-2023 15:14:12 1692524652315 Metric[[thread=hz.amazing_fermat.partition-operation.thread-4,unit=count,metric=operation.thread.completedOperationCount]=0]
20-08-2023 15:14:12 1692524652315 Metric[[unit=count,metric=event.totalFailureCount]=0]
20-08-2023 15:14:12 1692524652315 Metric[[thread=hz.amazing_fermat.priority-generic-operation.thread-0,unit=count,metric=operation.thread.completedPacketCount]=0]
20-08-2023 15:14:12 1692524652315 Metric[[thread=hz.amazing_fermat.priority-generic-operation.thread-0,unit=count,metric=operation.thread.completedPartitionSpecificRunnableCount]=0]
20-08-2023 15:14:12 1692524652315 Metric[[thread=hz.amazing_fermat.generic-operation.thread-1,unit=count,metric=operation.thread.completedOperationBatchCount]=0]
20-08-2023 15:14:12 1692524652315 Metric[[thread=hz.amazing_fermat.generic-operation.thread-1,unit=count,metric=operation.thread.completedPacketCount]=0]
20-08-2023 15:14:12 1692524652315 Metric[[thread=hz.amazing_fermat.priority-generic-operation.thread-0,unit=count,metric=operation.thread.completedRunnableCount]=0]
20-08-2023 15:14:12 1692524652315 Metric[[unit=count,metric=partitions.totalCompletedMigrations]=0]
20-08-2023 15:14:12 1692524652315 Metric[[thread=hz.amazing_fermat.partition-operation.thread-0,unit=count,metric=operation.thread.errorCount]=0]
20-08-2023 15:14:12 1692524652315 Metric[[thread=hz.amazing_fermat.priority-generic-operation.thread-0,unit=count,metric=operation.thread.completedOperationBatchCount]=0]
20-08-2023 15:14:12 1692524652315 Metric[[thread=hz.amazing_fermat.partition-operation.thread-1,unit=count,metric=operation.thread.completedPacketCount]=0]
20-08-2023 15:14:12 1692524652315 Metric[[unit=ms,metric=operation.invocations.invocationScanPeriodMillis]=1000]
20-08-2023 15:14:12 1692524652315 Metric[[thread=hz.amazing_fermat.generic-operation.thread-1,unit=count,metric=operation.thread.completedRunnableCount]=0]
20-08-2023 15:14:12 1692524652315 Metric[[unit=count,metric=operation.responses.backupCount]=0]
20-08-2023 15:14:12 1692524652315 Metric[[unit=count,metric=operation.runningGenericCount]=0]
20-08-2023 15:14:12 1692524652315 Metric[[thread=hz.amazing_fermat.partition-operation.thread-2,unit=count,metric=operation.thread.priorityPendingCount]=0]
20-08-2023 15:14:12 1692524652315 Metric[[unit=count,metric=raft.metadata.activeMembersCommitIndex]=0]
20-08-2023 15:14:12 1692524652315 Metric[[thread=hz.amazing_fermat.partition-operation.thread-5,unit=count,metric=operation.thread.completedOperationCount]=0]
20-08-2023 15:14:12 1692524652315 Metric[[thread=hz.amazing_fermat.partition-operation.thread-0,unit=count,metric=operation.thread.normalPendingCount]=0]
20-08-2023 15:14:12 1692524652315 Metric[[thread=hz.amazing_fermat.generic-operation.thread-0,unit=count,metric=operation.thread.completedOperationBatchCount]=0]
20-08-2023 15:14:12 1692524652315 Metric[[thread=hz.amazing_fermat.generic-operation.thread-2,unit=count,metric=operation.thread.completedPacketCount]=0]
20-08-2023 15:14:12 1692524652315 Metric[[unit=count,metric=operation.asyncOperations]=0]
20-08-2023 15:14:12 1692524652315 Metric[[thread=hz.amazing_fermat.partition-operation.thread-1,unit=count,metric=operation.thread.errorCount]=0]
20-08-2023 15:14:12 1692524652315 Metric[[thread=hz.amazing_fermat.partition-operation.thread-0,unit=count,metric=operation.thread.completedPacketCount]=0]
20-08-2023 15:14:12 1692524652315 Metric[[thread=hz.amazing_fermat.priority-generic-operation.thread-0,unit=count,metric=operation.thread.completedTotalCount]=0]
20-08-2023 15:14:12 1692524652315 Metric[[thread=hz.amazing_fermat.generic-operation.thread-2,unit=count,metric=operation.thread.completedRunnableCount]=0]
20-08-2023 15:14:12 1692524652315 Metric[[unit=ms,metric=gc.minorTime]=42]
20-08-2023 15:14:12 1692524652315 Metric[[service=hz:core:clusterService,unit=count,metric=event.publicationCount]=0]
20-08-2023 15:14:12 1692524652315 Metric[[thread=hz.amazing_fermat.generic-operation.thread-0,unit=count,metric=operation.thread.completedTotalCount]=0]
20-08-2023 15:14:12 1692524652315 Metric[[unit=count,metric=event.eventQueueSize]=0]
20-08-2023 15:14:12 1692524652315 Metric[[unit=count,metric=operation.callTimeoutCount]=0]
20-08-2023 15:14:12 1692524652315 Metric[[thread=hz.amazing_fermat.generic-operation.thread-1,unit=count,metric=operation.thread.errorCount]=0]
20-08-2023 15:14:12 1692524652315 Metric[[unit=boolean,metric=partitions.migrationActive]=1]
20-08-2023 15:14:12 1692524652315 Metric[[thread=hz.amazing_fermat.generic-operation.thread-1,unit=count,metric=operation.thread.completedOperationCount]=0]
20-08-2023 15:14:12 1692524652315 Metric[[unit=count,metric=client.endpoint.totalRegistrations]=0]
20-08-2023 15:14:12 1692524652315 Metric[[metric=runtime.freeMemory]=38641984]
20-08-2023 15:14:12 1692524652315 Metric[[thread=hz.amazing_fermat.partition-operation.thread-2,unit=count,metric=operation.thread.errorCount]=0]
20-08-2023 15:14:12 1692524652315 Metric[[thread=hz.amazing_fermat.partition-operation.thread-3,unit=count,metric=operation.thread.completedPacketCount]=0]
20-08-2023 15:14:12 1692524652315 Metric[[unit=ms,metric=cluster.heartbeat.lastHeartbeat]=0]
20-08-2023 15:14:12 1692524652315 Metric[[thread=hz.amazing_fermat.generic-operation.thread-3,unit=count,metric=operation.thread.completedRunnableCount]=0]
20-08-2023 15:14:12 1692524652315 Metric[[thread=hz.amazing_fermat.partition-operation.thread-0,unit=count,metric=operation.thread.completedTotalCount]=0]
20-08-2023 15:14:12 1692524652315 Metric[[thread=hz.amazing_fermat.partition-operation.thread-3,unit=count,metric=operation.thread.completedOperationBatchCount]=0]
20-08-2023 15:14:12 1692524652315 Metric[[unit=count,metric=operation.invocations.delayedExecutionCount]=0]
20-08-2023 15:14:12 1692524652315 Metric[[thread=hz.amazing_fermat.generic-operation.thread-2,unit=count,metric=operation.thread.errorCount]=0]
20-08-2023 15:14:12 1692524652315 Metric[[unit=count,metric=partitions.stateVersion]=0]
20-08-2023 15:14:12 1692524652315 Metric[[unit=count,metric=operation.responses.missingCount]=0]
20-08-2023 15:14:12 1692524652315 Metric[[thread=hz.amazing_fermat.generic-operation.thread-2,unit=count,metric=operation.thread.completedOperationCount]=0]
20-08-2023 15:14:12 1692524652315 Metric[[thread=hz.amazing_fermat.partition-operation.thread-3,unit=count,metric=operation.thread.errorCount]=0]
20-08-2023 15:14:12 1692524652315 Metric[[thread=hz.amazing_fermat.partition-operation.thread-2,unit=count,metric=operation.thread.completedPacketCount]=0]
20-08-2023 15:14:12 1692524652315 Metric[[unit=count,metric=event.syncDeliveryFailureCount]=0]
20-08-2023 15:14:12 1692524652315 Metric[[unit=ms,metric=cluster.clock.clusterTimeDiff]=0]
20-08-2023 15:14:12 1692524652315 Metric[[thread=hz.amazing_fermat.partition-operation.thread-7,unit=count,metric=operation.thread.completedPartitionSpecificRunnableCount]=0]
20-08-2023 15:14:12 1692524652315 Metric[[unit=count,metric=raft.metadata.groups]=0]
20-08-2023 15:14:12 1692524652315 Metric[[unit=count,metric=proxy.createdCount]=0]
20-08-2023 15:14:12 1692524652315 Metric[[thread=hz.amazing_fermat.partition-operation.thread-1,unit=count,metric=operation.thread.completedTotalCount]=0]
20-08-2023 15:14:12 1692524652315 Metric[[unit=count,metric=operation.retryCount]=0]
20-08-2023 15:14:12 1692524652315 Metric[[thread=hz.amazing_fermat.partition-operation.thread-4,unit=count,metric=operation.thread.completedOperationBatchCount]=0]
20-08-2023 15:14:12 1692524652315 Metric[[unit=ms,metric=operation.invocations.heartbeatBroadcastPeriodMillis]=15000]
20-08-2023 15:14:12 1692524652315 Metric[[unit=bytes,metric=memory.maxNative]=0]
20-08-2023 15:14:12 1692524652315 Metric[[unit=bytes,metric=memory.totalPhysical]=16974336000]
20-08-2023 15:14:12 1692524652315 Metric[[unit=percent,metric=operation.invocations.usedPercentage]=0.0]
20-08-2023 15:14:12 1692524652315 Metric[[thread=hz.amazing_fermat.generic-operation.thread-3,unit=count,metric=operation.thread.completedOperationCount]=0]
20-08-2023 15:14:12 1692524652315 Metric[[metric=os.systemLoadAverage]=-1.0]
20-08-2023 15:14:12 1692524652315 Metric[[metric=thread.totalStartedThreadCount]=66]
20-08-2023 15:14:12 1692524652315 Metric[[thread=hz.amazing_fermat.partition-operation.thread-4,unit=count,metric=operation.thread.errorCount]=0]
20-08-2023 15:14:12 1692524652315 Metric[[thread=hz.amazing_fermat.partition-operation.thread-5,unit=count,metric=operation.thread.completedPacketCount]=0]
20-08-2023 15:14:12 1692524652315 Metric[[service=hz:core:proxyService,unit=count,metric=event.publicationCount]=0]
20-08-2023 15:14:12 1692524652315 Metric[[unit=ms,metric=gc.unknownTime]=0]
20-08-2023 15:14:12 1692524652315 Metric[[thread=hz.amazing_fermat.partition-operation.thread-2,unit=count,metric=operation.thread.completedTotalCount]=0]
20-08-2023 15:14:12 1692524652315 Metric[[thread=hz.amazing_fermat.partition-operation.thread-1,unit=count,metric=operation.thread.completedOperationBatchCount]=0]
20-08-2023 15:14:12 1692524652315 Metric[[unit=ms,metric=cluster.clock.clusterUpTime]=-9223370344330123481]
20-08-2023 15:14:12 1692524652315 Metric[[thread=hz.amazing_fermat.generic-operation.thread-0,unit=count,metric=operation.thread.errorCount]=0]
20-08-2023 15:14:12 1692524652315 Metric[[unit=count,metric=operation.queueSize]=0]
20-08-2023 15:14:12 1692524652315 Metric[[service=hz:core:clusterService,unit=count,metric=event.listenerCount]=2]
20-08-2023 15:14:12 1692524652315 Metric[[unit=count,metric=operation.partitionThreadCount]=8]
20-08-2023 15:14:12 1692524652315 Metric[[thread=hz.amazing_fermat.partition-operation.thread-5,unit=count,metric=operation.thread.errorCount]=0]
20-08-2023 15:14:12 1692524652315 Metric[[thread=hz.amazing_fermat.partition-operation.thread-4,unit=count,metric=operation.thread.completedPacketCount]=0]
20-08-2023 15:14:12 1692524652315 Metric[[metric=thread.threadCount]=55]
20-08-2023 15:14:12 1692524652315 Metric[[unit=count,metric=operation.invocations.heartbeatPacketsSent]=1]
20-08-2023 15:14:12 1692524652315 Metric[[thread=hz.amazing_fermat.partition-operation.thread-3,unit=count,metric=operation.thread.completedTotalCount]=0]
20-08-2023 15:14:12 1692524652315 Metric[[unit=count,metric=partitions.replicaSyncRequestsCounter]=0]
20-08-2023 15:14:12 1692524652315 Metric[[unit=count,metric=partitions.partitionCount]=271]
20-08-2023 15:14:12 1692524652315 Metric[[metric=runtime.maxMemory]=4244635648]
20-08-2023 15:14:12 1692524652315 Metric[[thread=hz.amazing_fermat.partition-operation.thread-2,unit=count,metric=operation.thread.completedOperationBatchCount]=0]
20-08-2023 15:14:12 1692524652315 Metric[[unit=count,metric=operation.invocations.heartbeatPacketsReceived]=1]
20-08-2023 15:14:12 1692524652315 Metric[[service=hz:core:partitionService,unit=count,metric=event.publicationCount]=0]
20-08-2023 15:14:12 1692524652315 Metric[[metric=thread.daemonThreadCount]=12]
20-08-2023 15:14:12 1692524652315 Metric[[thread=hz.amazing_fermat.partition-operation.thread-7,unit=count,metric=operation.thread.priorityPendingCount]=0]
20-08-2023 15:14:12 1692524652315 Metric[[unit=bytes,metric=memory.freeNative]=0]
20-08-2023 15:14:12 1692524652315 Metric[[unit=count,metric=cluster.size]=1]
20-08-2023 15:14:12 1692524652315 Metric[[unit=count,metric=event.rejectedCount]=0]
20-08-2023 15:14:12 1692524652315 Metric[[thread=hz.amazing_fermat.partition-operation.thread-6,unit=count,metric=operation.thread.errorCount]=0]
20-08-2023 15:14:12 1692524652315 Metric[[thread=hz.amazing_fermat.partition-operation.thread-7,unit=count,metric=operation.thread.completedPacketCount]=0]
20-08-2023 15:14:12 1692524652315 Metric[[thread=hz.amazing_fermat.partition-operation.thread-4,unit=count,metric=operation.thread.completedPartitionSpecificRunnableCount]=0]
20-08-2023 15:14:12 1692524652315 Metric[[thread=hz.amazing_fermat.partition-operation.thread-4,unit=count,metric=operation.thread.completedTotalCount]=0]
20-08-2023 15:14:12 1692524652315 Metric[[thread=hz.amazing_fermat.priority-generic-operation.thread-0,unit=count,metric=operation.thread.completedOperationCount]=0]
20-08-2023 15:14:12 1692524652315 Metric[[thread=hz.amazing_fermat.generic-operation.thread-3,unit=count,metric=operation.thread.completedPartitionSpecificRunnableCount]=0]
20-08-2023 15:14:12 1692524652315 Metric[[thread=hz.amazing_fermat.partition-operation.thread-7,unit=count,metric=operation.thread.completedOperationBatchCount]=0]
20-08-2023 15:14:12 1692524652315 Metric[[unit=count,metric=raft.missingMembers]=0]
20-08-2023 15:14:12 1692524652315 Metric[[thread=hz.amazing_fermat.generic-operation.thread-3,unit=count,metric=operation.thread.completedTotalCount]=0]
20-08-2023 15:14:12 1692524652315 Metric[[unit=ms,metric=cluster.clock.localClockTime]=1692524652327]
20-08-2023 15:14:12 1692524652315 Metric[[dir=user.home,unit=bytes,metric=file.partition.freeSpace]=19120930816]
20-08-2023 15:14:12 1692524652315 Metric[[thread=hz.amazing_fermat.partition-operation.thread-7,unit=count,metric=operation.thread.errorCount]=0]
20-08-2023 15:14:12 1692524652315 Metric[[thread=hz.amazing_fermat.partition-operation.thread-6,unit=count,metric=operation.thread.completedPacketCount]=0]
20-08-2023 15:14:12 1692524652315 Metric[[unit=count,metric=gc.majorCount]=0]
20-08-2023 15:14:12 1692524652315 Metric[[thread=hz.amazing_fermat.partition-operation.thread-3,unit=count,metric=operation.thread.completedPartitionSpecificRunnableCount]=0]
20-08-2023 15:14:12 1692524652315 Metric[[thread=hz.amazing_fermat.partition-operation.thread-5,unit=count,metric=operation.thread.completedTotalCount]=0]
20-08-2023 15:14:12 1692524652315 Metric[[thread=hz.amazing_fermat.generic-operation.thread-2,unit=count,metric=operation.thread.completedPartitionSpecificRunnableCount]=0]
20-08-2023 15:14:12 1692524652315 Metric[[metric=thread.peakThreadCount]=55]
20-08-2023 15:14:12 1692524652315 Metric[[unit=count,metric=partitions.maxBackupCount]=0]
20-08-2023 15:14:12 1692524652315 Metric[[unit=ms,metric=operation.invocations.invocationTimeoutMillis]=60000]
20-08-2023 15:14:12 1692524652315 Metric[[unit=count,metric=operation.priorityQueueSize]=0]
20-08-2023 15:14:12 1692524652315 Metric[[thread=hz.amazing_fermat.generic-operation.thread-2,unit=count,metric=operation.thread.completedTotalCount]=0]
20-08-2023 15:14:12 1692524652315 Metric[[thread=hz.amazing_fermat.generic-operation.thread-3,unit=count,metric=operation.thread.errorCount]=0]
20-08-2023 15:14:12 1692524652315 Metric[[thread=hz.amazing_fermat.partition-operation.thread-7,unit=count,metric=operation.thread.normalPendingCount]=0]
20-08-2023 15:14:12 1692524652315 Metric[[unit=ms,metric=operation.invocations.backupTimeoutMillis]=5000]
20-08-2023 15:14:12 1692524652315 Metric[[metric=runtime.totalMemory]=77594624]
20-08-2023 15:14:12 1692524652315 Metric[[unit=count,metric=operation.responses.errorCount]=0]
20-08-2023 15:14:12 1692524652315 Metric[[service=hz:core:proxyService,unit=count,metric=event.listenerCount]=1]
20-08-2023 15:14:12 1692524652315 Metric[[thread=hz.amazing_fermat.partition-operation.thread-6,unit=count,metric=operation.thread.completedRunnableCount]=0]
20-08-2023 15:14:12 1692524652315 Metric[[unit=count,metric=proxy.proxyCount]=0]
20-08-2023 15:14:12 1692524652315 Metric[[thread=hz.amazing_fermat.partition-operation.thread-6,unit=count,metric=operation.thread.completedPartitionSpecificRunnableCount]=0]
20-08-2023 15:14:12 1692524652315 Metric[[thread=hz.amazing_fermat.partition-operation.thread-6,unit=count,metric=operation.thread.completedTotalCount]=0]
20-08-2023 15:14:12 1692524652315 Metric[[unit=bytes,metric=memory.freePhysical]=1382141952]
20-08-2023 15:14:12 1692524652315 Metric[[unit=bytes,metric=memory.committedNative]=0]
20-08-2023 15:14:12 1692524652315 Metric[[unit=ns,metric=partitions.totalElapsedDestinationCommitTime]=0]
20-08-2023 15:14:12 1692524652315 Metric[[unit=count,metric=operation.responses.timeoutCount]=0]
20-08-2023 15:14:12 1692524652315 Metric[[thread=hz.amazing_fermat.generic-operation.thread-1,unit=count,metric=operation.thread.completedPartitionSpecificRunnableCount]=0]
20-08-2023 15:14:12 1692524652315 Metric[[thread=hz.amazing_fermat.partition-operation.thread-5,unit=count,metric=operation.thread.completedOperationBatchCount]=0]
20-08-2023 15:14:12 1692524652315 Metric[[unit=count,metric=operation.invocations.backupTimeouts]=0]
20-08-2023 15:14:12 1692524652315 Metric[[thread=hz.amazing_fermat.generic-operation.thread-1,unit=count,metric=operation.thread.completedTotalCount]=0]
20-08-2023 15:14:12 1692524652315 Metric[[unit=ns,metric=partitions.elapsedMigrationOperationTime]=0]
20-08-2023 15:14:12 1692524652315 Metric[[unit=count,metric=operation.genericPriorityQueueSize]=0]
20-08-2023 15:14:12 1692524652315 Metric[[unit=count,metric=gc.minorCount]=7]
20-08-2023 15:14:12 1692524652315 Metric[[thread=hz.amazing_fermat.generic-operation.thread-0,unit=count,metric=operation.thread.completedOperationCount]=0]
20-08-2023 15:14:12 1692524652315 Metric[[unit=count,metric=transactions.startCount]=0]
20-08-2023 15:14:12 1692524652315 Metric[[unit=bytes,metric=memory.usedMetadata]=0]
20-08-2023 15:14:12 1692524652315 Metric[[thread=hz.amazing_fermat.partition-operation.thread-7,unit=count,metric=operation.thread.completedRunnableCount]=0]
20-08-2023 15:14:12 1692524652315 Metric[[unit=ms,metric=partitions.lastRepartitionTime]=0]
20-08-2023 15:14:12 1692524652315 Metric[[metric=os.totalPhysicalMemorySize]=16974336000]
20-08-2023 15:14:12 1692524652315 Metric[[metric=os.systemCpuLoad]=0.0]
20-08-2023 15:14:12 1692524652315 Metric[[thread=hz.amazing_fermat.partition-operation.thread-5,unit=count,metric=operation.thread.completedPartitionSpecificRunnableCount]=0]
20-08-2023 15:14:12 1692524652315 Metric[[thread=hz.amazing_fermat.partition-operation.thread-7,unit=count,metric=operation.thread.completedTotalCount]=0]
20-08-2023 15:14:12 1692524652315 Metric[[metric=runtime.availableProcessors]=8]
20-08-2023 15:14:12 1692524652315 Metric[[unit=count,metric=event.eventsProcessed]=7]
20-08-2023 15:14:12 1692524652315 Metric[[thread=hz.amazing_fermat.generic-operation.thread-0,unit=count,metric=operation.thread.completedPartitionSpecificRunnableCount]=0]
20-08-2023 15:14:12 1692524652315 Metric[[thread=hz.amazing_fermat.partition-operation.thread-6,unit=count,metric=operation.thread.completedOperationBatchCount]=0]
20-08-2023 15:14:12 1692524652315 Metric[[unit=count,metric=operation.parker.parkQueueCount]=0]
20-08-2023 15:14:12 1692524652315 Metric[[unit=count,metric=operation.responses.normalCount]=0]
20-08-2023 15:14:12 1692524652315 Metric[[unit=count,metric=client.endpoint.count]=0]
20-08-2023 15:14:12 1692524652315 Metric[[thread=hz.amazing_fermat.partition-operation.thread-3,unit=count,metric=operation.thread.priorityPendingCount]=0]
20-08-2023 15:14:12 1692524652315 Metric[[thread=hz.amazing_fermat.partition-operation.thread-2,unit=count,metric=operation.thread.completedOperationCount]=0]
20-08-2023 15:14:12 1692524652315 Metric[[thread=hz.amazing_fermat.partition-operation.thread-5,unit=count,metric=operation.thread.normalPendingCount]=0]
20-08-2023 15:14:12 1692524652315 Metric[[thread=hz.amazing_fermat.generic-operation.thread-3,unit=count,metric=operation.thread.completedOperationBatchCount]=0]
20-08-2023 15:14:12 1692524652315 Metric[[unit=count,metric=gc.unknownCount]=0]
20-08-2023 15:14:12 1692524652315 Metric[[thread=hz.amazing_fermat.generic-operation.thread-3,unit=count,metric=operation.thread.completedPacketCount]=0]
20-08-2023 15:14:12 1692524652315 Metric[[unit=count,metric=operation.responseQueueSize]=0]
20-08-2023 15:14:12 1692524652315 Metric[[unit=bytes,metric=memory.maxMetadata]=0]
20-08-2023 15:14:12 1692524652315 Metric[[thread=hz.amazing_fermat.partition-operation.thread-4,unit=count,metric=operation.thread.completedRunnableCount]=0]
20-08-2023 15:14:12 1692524652315 Metric[[unit=count,metric=operation.parker.totalParkedOperationCount]=0]
20-08-2023 15:14:12 1692524652315 Metric[[unit=count,metric=partitions.localPartitionCount]=0]
20-08-2023 15:14:12 1692524652315 Metric[[thread=hz.amazing_fermat.partition-operation.thread-0,unit=count,metric=operation.thread.completedPartitionSpecificRunnableCount]=0]
20-08-2023 15:14:12 1692524652315 Metric[[unit=ms,metric=gc.majorTime]=0]
20-08-2023 15:14:12 1692524652315 Metric[[unit=count,metric=operation.runningCount]=0]
20-08-2023 15:14:12 1692524652315 Metric[[metric=classloading.loadedClassesCount]=9924]
20-08-2023 15:14:12 1692524652315 Metric[[thread=hz.amazing_fermat.partition-operation.thread-4,unit=count,metric=operation.thread.priorityPendingCount]=0]
20-08-2023 15:14:12 1692524652315 Metric[[unit=count,metric=operation.invocations.lastCallId]=0]
20-08-2023 15:14:12 1692524652315 Metric[[thread=hz.amazing_fermat.partition-operation.thread-3,unit=count,metric=operation.thread.completedOperationCount]=0]
20-08-2023 15:14:12 1692524652315 Metric[[thread=hz.amazing_fermat.partition-operation.thread-6,unit=count,metric=operation.thread.normalPendingCount]=0]
20-08-2023 15:14:12 1692524652315 Metric[[thread=hz.amazing_fermat.generic-operation.thread-2,unit=count,metric=operation.thread.completedOperationBatchCount]=0]
20-08-2023 15:14:12 1692524652315 Metric[[thread=hz.amazing_fermat.partition-operation.thread-5,unit=count,metric=operation.thread.completedRunnableCount]=0]
20-08-2023 15:14:12 1692524652315 Metric[[unit=count,metric=transactions.commitCount]=0]
20-08-2023 15:14:12 1692524652315 Metric[[unit=count,metric=raft.destroyedGroupIds]=0]
20-08-2023 15:14:12 1692524652315 Metric[[unit=count,metric=partitions.activePartitionCount]=0]
20-08-2023 15:14:12 1692524652315 Metric[[service=hz:core:partitionService,unit=count,metric=event.listenerCount]=2]
20-08-2023 15:14:12 1692524652315 Metric[[unit=count,metric=operation.invocations.pending]=0]
20-08-2023 15:14:12 1692524652315 Metric[[unit=bytes,metric=memory.usedNative]=0]
20-08-2023 15:14:12 1692524652315 Metric[[thread=hz.amazing_fermat.partition-operation.thread-5,unit=count,metric=operation.thread.priorityPendingCount]=0]
20-08-2023 15:14:12 1692524652315 Metric[[thread=hz.amazing_fermat.partition-operation.thread-0,unit=count,metric=operation.thread.completedOperationCount]=0]
20-08-2023 15:14:12 1692524652315 Metric[[thread=hz.amazing_fermat.partition-operation.thread-3,unit=count,metric=operation.thread.normalPendingCount]=0]
20-08-2023 15:14:12 1692524652315 Metric[[dir=user.home,unit=bytes,metric=file.partition.totalSpace]=156211605504]
20-08-2023 15:14:12 1692524652315 Metric[[unit=ms,metric=cluster.clock.clusterStartTime]=-9223372036854775808]
20-08-2023 15:14:12 1692524652315 Metric[[unit=ms,metric=cluster.clock.clusterTime]=1692524653669]
20-08-2023 15:14:12 1692524652315 Metric[[unit=count,metric=partitions.plannedMigrations]=0]
20-08-2023 15:14:12 1692524652315 Metric[[thread=hz.amazing_fermat.partition-operation.thread-2,unit=count,metric=operation.thread.completedRunnableCount]=0]
20-08-2023 15:14:12 1692524652315 Metric[[thread=hz.amazing_fermat.partition-operation.thread-2,unit=count,metric=operation.thread.completedPartitionSpecificRunnableCount]=0]
20-08-2023 15:14:12 1692524652315 Metric[[dir=user.home,unit=bytes,metric=file.partition.usableSpace]=19120865280]
20-08-2023 15:14:12 1692524652315 Metric[[unit=count,metric=proxy.destroyedCount]=0]
20-08-2023 15:14:12 1692524652315 Metric[[unit=count,metric=operation.invocations.normalTimeouts]=0]
20-08-2023 15:14:12 1692524652315 Metric[[unit=count,metric=raft.metadata.activeMembers]=0]
20-08-2023 15:14:12 1692524652315 Metric[[unit=count,metric=operation.failedBackups]=0]
20-08-2023 15:14:12 1692524652315 Metric[[unit=count,metric=partitions.memberGroupsSize]=0]
20-08-2023 15:14:12 1692524652315 Metric[[unit=count,metric=operation.operationTimeoutCount]=0]
20-08-2023 15:14:12 1692524652315 Metric[[thread=hz.amazing_fermat.partition-operation.thread-6,unit=count,metric=operation.thread.priorityPendingCount]=0]
20-08-2023 15:14:12 1692524652315 Metric[[thread=hz.amazing_fermat.partition-operation.thread-1,unit=count,metric=operation.thread.completedOperationCount]=0]
20-08-2023 15:14:12 1692524652315 Metric[[unit=count,metric=transactions.rollbackCount]=0]
20-08-2023 15:14:12 1692524652315 Metric[[thread=hz.amazing_fermat.partition-operation.thread-4,unit=count,metric=operation.thread.normalPendingCount]=0]
20-08-2023 15:14:12 1692524652315 Metric[[metric=runtime.uptime]=17797]
20-08-2023 15:14:12 1692524652315 Metric[[unit=count,metric=event.queueCapacity]=1000000]
20-08-2023 15:14:12 1692524652315 Metric[[thread=hz.amazing_fermat.partition-operation.thread-3,unit=count,metric=operation.thread.completedRunnableCount]=0]
20-08-2023 15:14:12 1692524652315 Metric[[unit=count,metric=raft.nodes]=0]
20-08-2023 15:14:12 1692524652315 Metric[[thread=hz.amazing_fermat.partition-operation.thread-1,unit=count,metric=operation.thread.completedPartitionSpecificRunnableCount]=0]
20-08-2023 15:14:12 1692524652315 Metric[[unit=count,metric=partitions.stateStamp]=0]
20-08-2023 15:14:12 1692524652315 Metric[[unit=count,metric=partitions.completedMigrations]=0]
20-08-2023 15:14:12 1692524652315 Metric[[unit=bytes,metric=memory.usedHeap]=45349128]
20-08-2023 15:14:12 1692524652315 Metric[[thread=hz.amazing_fermat.IO.thread-in-0,unit=ms,metric=tcp.inputThread.idleTimeMillis]=1692524653673]
20-08-2023 15:14:12 1692524652315 Metric[[thread=hz.amazing_fermat.IO.thread-in-0,unit=count,metric=tcp.inputThread.ioThreadId]=0]
20-08-2023 15:14:12 1692524652315 Metric[[thread=hz.amazing_fermat.IO.thread-in-0,unit=bytes,metric=tcp.inputThread.bytesTransceived]=0]
20-08-2023 15:14:12 1692524652315 Metric[[thread=hz.amazing_fermat.IO.thread-in-0,unit=count,metric=tcp.inputThread.framesTransceived]=0]
20-08-2023 15:14:12 1692524652315 Metric[[thread=hz.amazing_fermat.IO.thread-in-0,unit=count,metric=tcp.inputThread.priorityFramesTransceived]=0]
20-08-2023 15:14:12 1692524652315 Metric[[thread=hz.amazing_fermat.IO.thread-in-0,unit=count,metric=tcp.inputThread.processCount]=0]
20-08-2023 15:14:12 1692524652315 Metric[[thread=hz.amazing_fermat.IO.thread-in-0,unit=count,metric=tcp.inputThread.taskQueueSize]=0]
20-08-2023 15:14:12 1692524652315 Metric[[thread=hz.amazing_fermat.IO.thread-in-0,unit=count,metric=tcp.inputThread.eventCount]=0]
20-08-2023 15:14:12 1692524652315 Metric[[thread=hz.amazing_fermat.IO.thread-in-0,unit=count,metric=tcp.inputThread.selectorIOExceptionCount]=0]
20-08-2023 15:14:12 1692524652315 Metric[[thread=hz.amazing_fermat.IO.thread-in-0,unit=count,metric=tcp.inputThread.completedTaskCount]=0]
20-08-2023 15:14:12 1692524652315 Metric[[thread=hz.amazing_fermat.IO.thread-in-0,unit=count,metric=tcp.inputThread.selectorRebuildCount]=0]
20-08-2023 15:14:12 1692524652315 Metric[[thread=hz.amazing_fermat.IO.thread-in-1,unit=ms,metric=tcp.inputThread.idleTimeMillis]=1692524653674]
20-08-2023 15:14:12 1692524652315 Metric[[thread=hz.amazing_fermat.IO.thread-in-1,unit=count,metric=tcp.inputThread.ioThreadId]=1]
20-08-2023 15:14:12 1692524652315 Metric[[thread=hz.amazing_fermat.IO.thread-in-1,unit=bytes,metric=tcp.inputThread.bytesTransceived]=0]
20-08-2023 15:14:12 1692524652315 Metric[[thread=hz.amazing_fermat.IO.thread-in-1,unit=count,metric=tcp.inputThread.framesTransceived]=0]
20-08-2023 15:14:12 1692524652315 Metric[[thread=hz.amazing_fermat.IO.thread-in-1,unit=count,metric=tcp.inputThread.priorityFramesTransceived]=0]
20-08-2023 15:14:12 1692524652315 Metric[[thread=hz.amazing_fermat.IO.thread-in-1,unit=count,metric=tcp.inputThread.processCount]=0]
20-08-2023 15:14:12 1692524652315 Metric[[thread=hz.amazing_fermat.IO.thread-in-1,unit=count,metric=tcp.inputThread.taskQueueSize]=0]
20-08-2023 15:14:12 1692524652315 Metric[[thread=hz.amazing_fermat.IO.thread-in-1,unit=count,metric=tcp.inputThread.eventCount]=0]
20-08-2023 15:14:12 1692524652315 Metric[[thread=hz.amazing_fermat.IO.thread-in-1,unit=count,metric=tcp.inputThread.selectorIOExceptionCount]=0]
20-08-2023 15:14:12 1692524652315 Metric[[thread=hz.amazing_fermat.IO.thread-in-1,unit=count,metric=tcp.inputThread.completedTaskCount]=0]
20-08-2023 15:14:12 1692524652315 Metric[[thread=hz.amazing_fermat.IO.thread-in-1,unit=count,metric=tcp.inputThread.selectorRebuildCount]=0]
20-08-2023 15:14:12 1692524652315 Metric[[thread=hz.amazing_fermat.IO.thread-in-2,unit=ms,metric=tcp.inputThread.idleTimeMillis]=1692524653675]
20-08-2023 15:14:12 1692524652315 Metric[[thread=hz.amazing_fermat.IO.thread-in-2,unit=count,metric=tcp.inputThread.ioThreadId]=2]
20-08-2023 15:14:12 1692524652315 Metric[[thread=hz.amazing_fermat.IO.thread-in-2,unit=bytes,metric=tcp.inputThread.bytesTransceived]=0]
20-08-2023 15:14:12 1692524652315 Metric[[thread=hz.amazing_fermat.IO.thread-in-2,unit=count,metric=tcp.inputThread.framesTransceived]=0]
20-08-2023 15:14:12 1692524652315 Metric[[thread=hz.amazing_fermat.IO.thread-in-2,unit=count,metric=tcp.inputThread.priorityFramesTransceived]=0]
20-08-2023 15:14:12 1692524652315 Metric[[thread=hz.amazing_fermat.IO.thread-in-2,unit=count,metric=tcp.inputThread.processCount]=0]
20-08-2023 15:14:12 1692524652315 Metric[[thread=hz.amazing_fermat.IO.thread-in-2,unit=count,metric=tcp.inputThread.taskQueueSize]=0]
20-08-2023 15:14:12 1692524652315 Metric[[thread=hz.amazing_fermat.IO.thread-in-2,unit=count,metric=tcp.inputThread.eventCount]=0]
20-08-2023 15:14:12 1692524652315 Metric[[thread=hz.amazing_fermat.IO.thread-in-2,unit=count,metric=tcp.inputThread.selectorIOExceptionCount]=0]
20-08-2023 15:14:12 1692524652315 Metric[[thread=hz.amazing_fermat.IO.thread-in-2,unit=count,metric=tcp.inputThread.completedTaskCount]=0]
20-08-2023 15:14:12 1692524652315 Metric[[thread=hz.amazing_fermat.IO.thread-in-2,unit=count,metric=tcp.inputThread.selectorRebuildCount]=0]
20-08-2023 15:14:12 1692524652315 Metric[[thread=hz.amazing_fermat.IO.thread-out-0,unit=ms,metric=tcp.outputThread.idleTimeMillis]=1692524653675]
20-08-2023 15:14:12 1692524652315 Metric[[thread=hz.amazing_fermat.IO.thread-out-0,unit=count,metric=tcp.outputThread.ioThreadId]=0]
20-08-2023 15:14:12 1692524652315 Metric[[thread=hz.amazing_fermat.IO.thread-out-0,unit=bytes,metric=tcp.outputThread.bytesTransceived]=0]
20-08-2023 15:14:12 1692524652315 Metric[[thread=hz.amazing_fermat.IO.thread-out-0,unit=count,metric=tcp.outputThread.framesTransceived]=0]
20-08-2023 15:14:12 1692524652315 Metric[[thread=hz.amazing_fermat.IO.thread-out-0,unit=count,metric=tcp.outputThread.priorityFramesTransceived]=0]
20-08-2023 15:14:12 1692524652315 Metric[[thread=hz.amazing_fermat.IO.thread-out-0,unit=count,metric=tcp.outputThread.processCount]=0]
20-08-2023 15:14:12 1692524652315 Metric[[thread=hz.amazing_fermat.IO.thread-out-0,unit=count,metric=tcp.outputThread.taskQueueSize]=0]
20-08-2023 15:14:12 1692524652315 Metric[[thread=hz.amazing_fermat.IO.thread-out-0,unit=count,metric=tcp.outputThread.eventCount]=0]
20-08-2023 15:14:12 1692524652315 Metric[[thread=hz.amazing_fermat.IO.thread-out-0,unit=count,metric=tcp.outputThread.selectorIOExceptionCount]=0]
20-08-2023 15:14:12 1692524652315 Metric[[thread=hz.amazing_fermat.IO.thread-out-0,unit=count,metric=tcp.outputThread.completedTaskCount]=0]
20-08-2023 15:14:12 1692524652315 Metric[[thread=hz.amazing_fermat.IO.thread-out-0,unit=count,metric=tcp.outputThread.selectorRebuildCount]=0]
20-08-2023 15:14:12 1692524652315 Metric[[thread=hz.amazing_fermat.IO.thread-out-1,unit=ms,metric=tcp.outputThread.idleTimeMillis]=1692524653675]
20-08-2023 15:14:12 1692524652315 Metric[[thread=hz.amazing_fermat.IO.thread-out-1,unit=count,metric=tcp.outputThread.ioThreadId]=1]
20-08-2023 15:14:12 1692524652315 Metric[[thread=hz.amazing_fermat.IO.thread-out-1,unit=bytes,metric=tcp.outputThread.bytesTransceived]=0]
20-08-2023 15:14:12 1692524652315 Metric[[thread=hz.amazing_fermat.IO.thread-out-1,unit=count,metric=tcp.outputThread.framesTransceived]=0]
20-08-2023 15:14:12 1692524652315 Metric[[thread=hz.amazing_fermat.IO.thread-out-1,unit=count,metric=tcp.outputThread.priorityFramesTransceived]=0]
20-08-2023 15:14:12 1692524652315 Metric[[thread=hz.amazing_fermat.IO.thread-out-1,unit=count,metric=tcp.outputThread.processCount]=0]
20-08-2023 15:14:12 1692524652315 Metric[[thread=hz.amazing_fermat.IO.thread-out-1,unit=count,metric=tcp.outputThread.taskQueueSize]=0]
20-08-2023 15:14:12 1692524652315 Metric[[thread=hz.amazing_fermat.IO.thread-out-1,unit=count,metric=tcp.outputThread.eventCount]=0]
20-08-2023 15:14:12 1692524652315 Metric[[thread=hz.amazing_fermat.IO.thread-out-1,unit=count,metric=tcp.outputThread.selectorIOExceptionCount]=0]
20-08-2023 15:14:12 1692524652315 Metric[[thread=hz.amazing_fermat.IO.thread-out-1,unit=count,metric=tcp.outputThread.completedTaskCount]=0]
20-08-2023 15:14:12 1692524652315 Metric[[thread=hz.amazing_fermat.IO.thread-out-1,unit=count,metric=tcp.outputThread.selectorRebuildCount]=0]
20-08-2023 15:14:12 1692524652315 Metric[[thread=hz.amazing_fermat.IO.thread-out-2,unit=ms,metric=tcp.outputThread.idleTimeMillis]=1692524653675]
20-08-2023 15:14:12 1692524652315 Metric[[thread=hz.amazing_fermat.IO.thread-out-2,unit=count,metric=tcp.outputThread.ioThreadId]=2]
20-08-2023 15:14:12 1692524652315 Metric[[thread=hz.amazing_fermat.IO.thread-out-2,unit=bytes,metric=tcp.outputThread.bytesTransceived]=0]
20-08-2023 15:14:12 1692524652315 Metric[[thread=hz.amazing_fermat.IO.thread-out-2,unit=count,metric=tcp.outputThread.framesTransceived]=0]
20-08-2023 15:14:12 1692524652315 Metric[[thread=hz.amazing_fermat.IO.thread-out-2,unit=count,metric=tcp.outputThread.priorityFramesTransceived]=0]
20-08-2023 15:14:12 1692524652315 Metric[[thread=hz.amazing_fermat.IO.thread-out-2,unit=count,metric=tcp.outputThread.processCount]=0]
20-08-2023 15:14:12 1692524652315 Metric[[thread=hz.amazing_fermat.IO.thread-out-2,unit=count,metric=tcp.outputThread.taskQueueSize]=0]
20-08-2023 15:14:12 1692524652315 Metric[[thread=hz.amazing_fermat.IO.thread-out-2,unit=count,metric=tcp.outputThread.eventCount]=0]
20-08-2023 15:14:12 1692524652315 Metric[[thread=hz.amazing_fermat.IO.thread-out-2,unit=count,metric=tcp.outputThread.selectorIOExceptionCount]=0]
20-08-2023 15:14:12 1692524652315 Metric[[thread=hz.amazing_fermat.IO.thread-out-2,unit=count,metric=tcp.outputThread.completedTaskCount]=0]
20-08-2023 15:14:12 1692524652315 Metric[[thread=hz.amazing_fermat.IO.thread-out-2,unit=count,metric=tcp.outputThread.selectorRebuildCount]=0]
20-08-2023 15:14:12 1692524652315 Metric[[unit=count,metric=tcp.balancer.imbalanceDetectedCount]=0]
20-08-2023 15:14:12 1692524652315 Metric[[unit=count,metric=tcp.balancer.migrationCompletedCount]=0]
20-08-2023 15:14:12 1692524652315 Metric[[unit=bytes,metric=tcp.bytesSend]=0]
20-08-2023 15:14:12 1692524652315 Metric[[unit=bytes,metric=tcp.bytesReceived]=0]
20-08-2023 15:14:12 1692524652315 Metric[[unit=count,metric=tcp.packetsSend]=0]
20-08-2023 15:14:12 1692524652315 Metric[[unit=count,metric=tcp.packetsReceived]=0]
20-08-2023 15:14:12 1692524652315 Metric[[name=hz:cluster,unit=count,metric=executor.internal.poolSize]=0]
20-08-2023 15:14:12 1692524652315 Metric[[name=hz:cluster,unit=count,metric=executor.internal.remainingQueueCapacity]=2147483647]
20-08-2023 15:14:12 1692524652315 Metric[[name=hz:cluster,unit=count,metric=executor.internal.queueSize]=0]
20-08-2023 15:14:12 1692524652315 Metric[[name=hz:cluster,unit=count,metric=executor.internal.maximumPoolSize]=2]
20-08-2023 15:14:12 1692524652315 Metric[[name=hz:cluster,unit=count,metric=executor.internal.completedTasks]=0]
20-08-2023 15:14:12 1692524652315 Metric[[name=hz:cluster:event,unit=count,metric=executor.internal.poolSize]=0]
20-08-2023 15:14:12 1692524652315 Metric[[name=hz:cluster:event,unit=count,metric=executor.internal.remainingQueueCapacity]=2147483647]
20-08-2023 15:14:12 1692524652315 Metric[[name=hz:cluster:event,unit=count,metric=executor.internal.queueSize]=0]
20-08-2023 15:14:12 1692524652315 Metric[[name=hz:cluster:event,unit=count,metric=executor.internal.maximumPoolSize]=1]
20-08-2023 15:14:12 1692524652315 Metric[[name=hz:cluster:event,unit=count,metric=executor.internal.completedTasks]=6]
20-08-2023 15:14:12 1692524652315 Metric[[name=hz:offloadable,unit=count,metric=executor.internal.poolSize]=0]
20-08-2023 15:14:12 1692524652315 Metric[[name=hz:offloadable,unit=count,metric=executor.internal.remainingQueueCapacity]=100000]
20-08-2023 15:14:12 1692524652315 Metric[[name=hz:offloadable,unit=count,metric=executor.internal.queueSize]=0]
20-08-2023 15:14:12 1692524652315 Metric[[name=hz:offloadable,unit=count,metric=executor.internal.maximumPoolSize]=8]
20-08-2023 15:14:12 1692524652315 Metric[[name=hz:offloadable,unit=count,metric=executor.internal.completedTasks]=0]
20-08-2023 15:14:12 1692524652315 Metric[[name=hz:client,unit=count,metric=executor.internal.poolSize]=0]
20-08-2023 15:14:12 1692524652315 Metric[[name=hz:client,unit=count,metric=executor.internal.remainingQueueCapacity]=800000]
20-08-2023 15:14:12 1692524652315 Metric[[name=hz:client,unit=count,metric=executor.internal.queueSize]=0]
20-08-2023 15:14:12 1692524652315 Metric[[name=hz:client,unit=count,metric=executor.internal.maximumPoolSize]=8]
20-08-2023 15:14:12 1692524652315 Metric[[name=hz:client,unit=count,metric=executor.internal.completedTasks]=0]
20-08-2023 15:14:12 1692524652315 Metric[[name=hz:cluster:mastership,unit=count,metric=executor.internal.poolSize]=0]
20-08-2023 15:14:12 1692524652315 Metric[[name=hz:cluster:mastership,unit=count,metric=executor.internal.remainingQueueCapacity]=2147483647]
20-08-2023 15:14:12 1692524652315 Metric[[name=hz:cluster:mastership,unit=count,metric=executor.internal.queueSize]=0]
20-08-2023 15:14:12 1692524652315 Metric[[name=hz:cluster:mastership,unit=count,metric=executor.internal.maximumPoolSize]=1]
20-08-2023 15:14:12 1692524652315 Metric[[name=hz:cluster:mastership,unit=count,metric=executor.internal.completedTasks]=0]
20-08-2023 15:14:12 1692524652315 Metric[[name=hz:async,unit=count,metric=executor.internal.poolSize]=0]
20-08-2023 15:14:12 1692524652315 Metric[[name=hz:async,unit=count,metric=executor.internal.remainingQueueCapacity]=100000]
20-08-2023 15:14:12 1692524652315 Metric[[name=hz:async,unit=count,metric=executor.internal.queueSize]=0]
20-08-2023 15:14:12 1692524652315 Metric[[name=hz:async,unit=count,metric=executor.internal.maximumPoolSize]=8]
20-08-2023 15:14:12 1692524652315 Metric[[name=hz:async,unit=count,metric=executor.internal.completedTasks]=0]
20-08-2023 15:14:12 1692524652315 Metric[[name=hz:client-blocking-tasks,unit=count,metric=executor.internal.poolSize]=0]
20-08-2023 15:14:12 1692524652315 Metric[[name=hz:client-blocking-tasks,unit=count,metric=executor.internal.remainingQueueCapacity]=800000]
20-08-2023 15:14:12 1692524652315 Metric[[name=hz:client-blocking-tasks,unit=count,metric=executor.internal.queueSize]=0]
20-08-2023 15:14:12 1692524652315 Metric[[name=hz:client-blocking-tasks,unit=count,metric=executor.internal.maximumPoolSize]=160]
20-08-2023 15:14:12 1692524652315 Metric[[name=hz:client-blocking-tasks,unit=count,metric=executor.internal.completedTasks]=0]
20-08-2023 15:14:12 1692524652315 Metric[[name=hz:client-query,unit=count,metric=executor.internal.poolSize]=0]
20-08-2023 15:14:12 1692524652315 Metric[[name=hz:client-query,unit=count,metric=executor.internal.remainingQueueCapacity]=800000]
20-08-2023 15:14:12 1692524652315 Metric[[name=hz:client-query,unit=count,metric=executor.internal.queueSize]=0]
20-08-2023 15:14:12 1692524652315 Metric[[name=hz:client-query,unit=count,metric=executor.internal.maximumPoolSize]=8]
20-08-2023 15:14:12 1692524652315 Metric[[name=hz:client-query,unit=count,metric=executor.internal.completedTasks]=0]
20-08-2023 15:14:12 1692524652315 Metric[[name=hz:scheduled,unit=count,metric=executor.internal.poolSize]=0]
20-08-2023 15:14:12 1692524652315 Metric[[name=hz:scheduled,unit=count,metric=executor.internal.remainingQueueCapacity]=800000]
20-08-2023 15:14:12 1692524652315 Metric[[name=hz:scheduled,unit=count,metric=executor.internal.queueSize]=0]
20-08-2023 15:14:12 1692524652315 Metric[[name=hz:scheduled,unit=count,metric=executor.internal.maximumPoolSize]=16]
20-08-2023 15:14:12 1692524652315 Metric[[name=hz:scheduled,unit=count,metric=executor.internal.completedTasks]=19]
20-08-2023 15:14:12 1692524652315 Metric[[name=hz:system,unit=count,metric=executor.internal.poolSize]=0]
20-08-2023 15:14:12 1692524652315 Metric[[name=hz:system,unit=count,metric=executor.internal.remainingQueueCapacity]=2147483647]
20-08-2023 15:14:12 1692524652315 Metric[[name=hz:system,unit=count,metric=executor.internal.queueSize]=0]
20-08-2023 15:14:12 1692524652315 Metric[[name=hz:system,unit=count,metric=executor.internal.maximumPoolSize]=8]
20-08-2023 15:14:12 1692524652315 Metric[[name=hz:system,unit=count,metric=executor.internal.completedTasks]=0]
20-08-2023 15:14:12 1692524652315 Metric[[name=MetricsPublisher,unit=count,metric=executor.internal.poolSize]=1]
20-08-2023 15:14:12 1692524652315 Metric[[name=MetricsPublisher,unit=count,metric=executor.internal.remainingQueueCapacity]=2147483647]
20-08-2023 15:14:12 1692524652315 Metric[[name=MetricsPublisher,unit=count,metric=executor.internal.queueSize]=0]
20-08-2023 15:14:12 1692524652315 Metric[[name=MetricsPublisher,unit=count,metric=executor.internal.maximumPoolSize]=16]
20-08-2023 15:14:12 1692524652315 Metric[[name=MetricsPublisher,unit=count,metric=executor.internal.completedTasks]=0]
20-08-2023 15:14:12 1692524652315 Metric[[name=hz:cluster:splitbrain,unit=count,metric=executor.internal.poolSize]=0]
20-08-2023 15:14:12 1692524652315 Metric[[name=hz:cluster:splitbrain,unit=count,metric=executor.internal.remainingQueueCapacity]=2147483647]
20-08-2023 15:14:12 1692524652315 Metric[[name=hz:cluster:splitbrain,unit=count,metric=executor.internal.queueSize]=0]
20-08-2023 15:14:12 1692524652315 Metric[[name=hz:cluster:splitbrain,unit=count,metric=executor.internal.maximumPoolSize]=2]
20-08-2023 15:14:12 1692524652315 Metric[[name=hz:cluster:splitbrain,unit=count,metric=executor.internal.completedTasks]=0]
20-08-2023 15:14:12 1692524652315 Metric[[name=hz:cluster:version:auto:upgrade,unit=count,metric=executor.internal.poolSize]=0]
20-08-2023 15:14:12 1692524652315 Metric[[name=hz:cluster:version:auto:upgrade,unit=count,metric=executor.internal.remainingQueueCapacity]=2147483647]
20-08-2023 15:14:12 1692524652315 Metric[[name=hz:cluster:version:auto:upgrade,unit=count,metric=executor.internal.queueSize]=0]
20-08-2023 15:14:12 1692524652315 Metric[[name=hz:cluster:version:auto:upgrade,unit=count,metric=executor.internal.maximumPoolSize]=1]
20-08-2023 15:14:12 1692524652315 Metric[[name=hz:cluster:version:auto:upgrade,unit=count,metric=executor.internal.completedTasks]=0]
20-08-2023 15:14:12 1692524652315 Metric[[name=hz:scheduled:cqc:8daab51a-7962-496f-ab09-5ecf6653776c,unit=count,metric=executor.internal.poolSize]=0]
20-08-2023 15:14:12 1692524652315 Metric[[name=hz:scheduled:cqc:8daab51a-7962-496f-ab09-5ecf6653776c,unit=count,metric=executor.internal.remainingQueueCapacity]=10000]
20-08-2023 15:14:12 1692524652315 Metric[[name=hz:scheduled:cqc:8daab51a-7962-496f-ab09-5ecf6653776c,unit=count,metric=executor.internal.queueSize]=0]
20-08-2023 15:14:12 1692524652315 Metric[[name=hz:scheduled:cqc:8daab51a-7962-496f-ab09-5ecf6653776c,unit=count,metric=executor.internal.maximumPoolSize]=1]
20-08-2023 15:14:12 1692524652315 Metric[[name=hz:scheduled:cqc:8daab51a-7962-496f-ab09-5ecf6653776c,unit=count,metric=executor.internal.completedTasks]=1]
20-08-2023 15:14:12 1692524652315 Metric[[name=hz:query,unit=count,metric=executor.internal.poolSize]=0]
20-08-2023 15:14:12 1692524652315 Metric[[name=hz:query,unit=count,metric=executor.internal.remainingQueueCapacity]=2147483647]
20-08-2023 15:14:12 1692524652315 Metric[[name=hz:query,unit=count,metric=executor.internal.queueSize]=0]
20-08-2023 15:14:12 1692524652315 Metric[[name=hz:query,unit=count,metric=executor.internal.maximumPoolSize]=16]
20-08-2023 15:14:12 1692524652315 Metric[[name=hz:query,unit=count,metric=executor.internal.completedTasks]=0]
20-08-2023 15:14:12 1692524652315 Metric[[name=hz:CRDTReplicationMigration,unit=count,metric=executor.internal.poolSize]=0]
20-08-2023 15:14:12 1692524652315 Metric[[name=hz:CRDTReplicationMigration,unit=count,metric=executor.internal.remainingQueueCapacity]=2147483647]
20-08-2023 15:14:12 1692524652315 Metric[[name=hz:CRDTReplicationMigration,unit=count,metric=executor.internal.queueSize]=0]
20-08-2023 15:14:12 1692524652315 Metric[[name=hz:CRDTReplicationMigration,unit=count,metric=executor.internal.maximumPoolSize]=16]
20-08-2023 15:14:12 1692524652315 Metric[[name=hz:CRDTReplicationMigration,unit=count,metric=executor.internal.completedTasks]=2]
20-08-2023 15:14:12 1692524652315 Metric[[thread=hz.amazing_fermat.IO.thread-Acceptor,unit=ms,metric=tcp.acceptor.idleTimeMillis]=1692524653685]
20-08-2023 15:14:12 1692524652315 Metric[[thread=hz.amazing_fermat.IO.thread-Acceptor,unit=count,metric=tcp.acceptor.eventCount]=0]
20-08-2023 15:14:12 1692524652315 Metric[[thread=hz.amazing_fermat.IO.thread-Acceptor,unit=count,metric=tcp.acceptor.exceptionCount]=0]
20-08-2023 15:14:12 1692524652315 Metric[[thread=hz.amazing_fermat.IO.thread-Acceptor,unit=count,metric=tcp.acceptor.selectorRecreateCount]=0]
20-08-2023 15:14:12 1692524652315 Metric[[unit=count,metric=tcp.connection.inProgressCount]=0]
20-08-2023 15:14:12 1692524652315 Metric[[unit=count,metric=tcp.connection.count]=0]
20-08-2023 15:14:12 1692524652315 Metric[[unit=count,metric=tcp.connection.activeCount]=0]
20-08-2023 15:14:12 1692524652315 Metric[[unit=count,metric=tcp.connection.acceptedSocketCount]=0]
20-08-2023 15:14:12 1692524652315 Metric[[unit=count,metric=tcp.connection.connectionListenerCount]=3]
20-08-2023 15:14:12 1692524652315 Metric[[unit=count,metric=tcp.connection.openedCount]=0]
20-08-2023 15:14:12 1692524652315 Metric[[unit=count,metric=tcp.connection.closedCount]=0]
20-08-2023 15:14:12 1692524652315 Metric[[unit=count,metric=tcp.connection.clientCount]=0]
20-08-2023 15:14:12 1692524652315 Metric[[unit=count,metric=tcp.connection.textCount]=0]
20-08-2023 15:14:13 1692524653693 SlowOperations[]
20-08-2023 15:14:13 1692524653693 InvocationProfiler[]
20-08-2023 15:14:13 1692524653693 OperationsProfiler[]
20-08-2023 15:14:13 1692524653693 HazelcastInstance[
                          thisAddress=[192.168.1.6]:5701
                          isRunning=true
                          isLite=false
                          joined=false
                          nodeState=ACTIVE
                          clusterId=null
                          clusterSize=1
                          isMaster=false
                          masterAddress=null
                          Members[
                                  [192.168.1.6]:5701]]
20-08-2023 15:14:13 1692524653694 ClusterVersionChanged[
                          4.1]
20-08-2023 15:14:13 1692524653694 Lifecycle[
                          STARTING]
20-08-2023 15:14:13 1692524653694 MemberAdded[
                          member=[192.168.1.6]:5701
                          Members[
                                  [192.168.1.6]:5701:this:master]]
20-08-2023 15:14:16 1692524656331 ClusterVersionChanged[
                          4.1]
20-08-2023 15:14:16 1692524656331 Lifecycle[
                          STARTED]
20-08-2023 15:14:17 1692524657316 InvocationProfiler[
                          com.hazelcast.client.impl.operations.GetConnectedClientsOperation[
                                  count=1
                                  totalTime(us)=4,927
                                  avg(us)=4,927
                                  max(us)=4,927
                                  latency-distribution[
                                          2048..4095us=1]]]
20-08-2023 15:14:17 1692524657317 OperationsProfiler[
                          com.hazelcast.client.impl.operations.GetConnectedClientsOperation[
                                  count=1
                                  totalTime(us)=2,996
                                  avg(us)=2,996
                                  max(us)=2,996
                                  latency-distribution[
                                          1024..2047us=1]]]
20-08-2023 15:14:22 1692524662327 InvocationProfiler[
                          com.hazelcast.client.impl.operations.GetConnectedClientsOperation[
                                  count=1
                                  totalTime(us)=4,927
                                  avg(us)=4,927
                                  max(us)=4,927
                                  latency-distribution[
                                          2048..4095us=1]]]
20-08-2023 15:14:22 1692524662327 OperationsProfiler[
                          com.hazelcast.client.impl.operations.GetConnectedClientsOperation[
                                  count=1
                                  totalTime(us)=2,996
                                  avg(us)=2,996
                                  max(us)=2,996
                                  latency-distribution[
                                          1024..2047us=1]]]
20-08-2023 15:14:27 1692524667320 InvocationProfiler[
                          com.hazelcast.client.impl.operations.GetConnectedClientsOperation[
                                  count=1
                                  totalTime(us)=4,927
                                  avg(us)=4,927
                                  max(us)=4,927
                                  latency-distribution[
                                          2048..4095us=1]]]
20-08-2023 15:14:27 1692524667320 OperationsProfiler[
                          com.hazelcast.client.impl.operations.GetConnectedClientsOperation[
                                  count=1
                                  totalTime(us)=2,996
                                  avg(us)=2,996
                                  max(us)=2,996
                                  latency-distribution[
                                          1024..2047us=1]]]
20-08-2023 15:14:32 1692524672352 InvocationProfiler[
                          com.hazelcast.client.impl.operations.GetConnectedClientsOperation[
                                  count=1
                                  totalTime(us)=4,927
                                  avg(us)=4,927
                                  max(us)=4,927
                                  latency-distribution[
                                          2048..4095us=1]]]
20-08-2023 15:14:32 1692524672352 OperationsProfiler[
                          com.hazelcast.client.impl.operations.GetConnectedClientsOperation[
                                  count=1
                                  totalTime(us)=2,996
                                  avg(us)=2,996
                                  max(us)=2,996
                                  latency-distribution[
                                          1024..2047us=1]]]
20-08-2023 15:14:37 1692524677326 InvocationProfiler[
                          com.hazelcast.client.impl.operations.GetConnectedClientsOperation[
                                  count=1
                                  totalTime(us)=4,927
                                  avg(us)=4,927
                                  max(us)=4,927
                                  latency-distribution[
                                          2048..4095us=1]]]
20-08-2023 15:14:37 1692524677326 OperationsProfiler[
                          com.hazelcast.client.impl.operations.GetConnectedClientsOperation[
                                  count=1
                                  totalTime(us)=2,996
                                  avg(us)=2,996
                                  max(us)=2,996
                                  latency-distribution[
                                          1024..2047us=1]]]
20-08-2023 15:14:42 1692524682324 InvocationProfiler[
                          com.hazelcast.client.impl.operations.GetConnectedClientsOperation[
                                  count=1
                                  totalTime(us)=4,927
                                  avg(us)=4,927
                                  max(us)=4,927
                                  latency-distribution[
                                          2048..4095us=1]]]
20-08-2023 15:14:42 1692524682325 OperationsProfiler[
                          com.hazelcast.client.impl.operations.GetConnectedClientsOperation[
                                  count=1
                                  totalTime(us)=2,996
                                  avg(us)=2,996
                                  max(us)=2,996
                                  latency-distribution[
                                          1024..2047us=1]]]
20-08-2023 15:14:47 1692524687318 InvocationProfiler[
                          com.hazelcast.client.impl.operations.GetConnectedClientsOperation[
                                  count=1
                                  totalTime(us)=4,927
                                  avg(us)=4,927
                                  max(us)=4,927
                                  latency-distribution[
                                          2048..4095us=1]]]
20-08-2023 15:14:47 1692524687318 OperationsProfiler[
                          com.hazelcast.client.impl.operations.GetConnectedClientsOperation[
                                  count=1
                                  totalTime(us)=2,996
                                  avg(us)=2,996
                                  max(us)=2,996
                                  latency-distribution[
                                          1024..2047us=1]]]
20-08-2023 15:14:52 1692524692322 InvocationProfiler[
                          com.hazelcast.client.impl.operations.GetConnectedClientsOperation[
                                  count=1
                                  totalTime(us)=4,927
                                  avg(us)=4,927
                                  max(us)=4,927
                                  latency-distribution[
                                          2048..4095us=1]]]
20-08-2023 15:14:52 1692524692322 OperationsProfiler[
                          com.hazelcast.client.impl.operations.GetConnectedClientsOperation[
                                  count=1
                                  totalTime(us)=2,996
                                  avg(us)=2,996
                                  max(us)=2,996
                                  latency-distribution[
                                          1024..2047us=1]]]
